<?xml version="1.0" encoding="utf-8"?><testsuites name="pytest tests"><testsuite name="pytest" errors="0" failures="0" skipped="0" tests="8" time="10.484" timestamp="2026-05-24T14:19:18.084540+00:00" hostname="agent-env-863a1f88-fa4a-466b-81d2-5124ce425723"><testcase classname="backend.tests.test_auth_security" name="test_login_success_returns_token_and_user" time="0.314" /><testcase classname="backend.tests.test_auth_security" name="test_jwt_contains_iat_claim" time="0.299" /><testcase classname="backend.tests.test_auth_security" name="test_wrong_password_returns_401" time="0.312" /><testcase classname="backend.tests.test_auth_security" name="test_success_resets_failed_counter" time="2.974" /><testcase classname="backend.tests.test_auth_security" name="test_change_password_invalidates_old_tokens_and_returns_new_valid_token" time="3.314" /><testcase classname="backend.tests.test_auth_security" name="test_z_rate_limit_kicks_in_after_8_failed_attempts" time="2.390" /><testcase classname="backend.tests.test_auth_security" name="test_zz_other_ip_unaffected_by_rate_limit" time="0.296" /><testcase classname="backend.tests.test_auth_security" name="test_zzz_admin_password_is_restored" time="0.293" /></testsuite></testsuites>