<?xml version="1.0" encoding="utf-8"?><testsuites name="pytest tests"><testsuite name="pytest" errors="0" failures="0" skipped="0" tests="20" time="8.420" timestamp="2026-05-24T11:00:11.882495+00:00" hostname="agent-env-863a1f88-fa4a-466b-81d2-5124ce425723"><testcase classname="backend.tests.test_reviews_faqs_password.TestPublicReviewsFaqs" name="test_get_reviews_sorted_by_order" time="0.389" /><testcase classname="backend.tests.test_reviews_faqs_password.TestPublicReviewsFaqs" name="test_get_faqs_sorted_by_order" time="0.271" /><testcase classname="backend.tests.test_reviews_faqs_password.TestAdminAuthGuard" name="test_create_review_unauth" time="0.183" /><testcase classname="backend.tests.test_reviews_faqs_password.TestAdminAuthGuard" name="test_update_review_unauth" time="0.174" /><testcase classname="backend.tests.test_reviews_faqs_password.TestAdminAuthGuard" name="test_delete_review_unauth" time="0.198" /><testcase classname="backend.tests.test_reviews_faqs_password.TestAdminAuthGuard" name="test_create_faq_unauth" time="0.184" /><testcase classname="backend.tests.test_reviews_faqs_password.TestAdminAuthGuard" name="test_update_faq_unauth" time="0.242" /><testcase classname="backend.tests.test_reviews_faqs_password.TestAdminAuthGuard" name="test_delete_faq_unauth" time="0.201" /><testcase classname="backend.tests.test_reviews_faqs_password.TestAdminAuthGuard" name="test_change_password_unauth" time="0.181" /><testcase classname="backend.tests.test_reviews_faqs_password.TestReviewsCRUD" name="test_full_crud_review" time="1.021" /><testcase classname="backend.tests.test_reviews_faqs_password.TestFaqsCRUD" name="test_full_crud_faq" time="0.552" /><testcase classname="backend.tests.test_reviews_faqs_password.TestChangePassword" name="test_wrong_current_password" time="0.383" /><testcase classname="backend.tests.test_reviews_faqs_password.TestChangePassword" name="test_new_password_too_short" time="0.055" /><testcase classname="backend.tests.test_reviews_faqs_password.TestChangePassword" name="test_happy_path_change_and_restore" time="2.586" /><testcase classname="backend.tests.test_reviews_faqs_password.TestRegression" name="test_store_ok" time="0.055" /><testcase classname="backend.tests.test_reviews_faqs_password.TestRegression" name="test_subscriptions_ok" time="0.057" /><testcase classname="backend.tests.test_reviews_faqs_password.TestRegression" name="test_games_ok" time="0.057" /><testcase classname="backend.tests.test_reviews_faqs_password.TestRegression" name="test_bundles_ok" time="0.061" /><testcase classname="backend.tests.test_reviews_faqs_password.TestAuditLog" name="test_audit_records_reviews_faqs_and_password" time="0.360" /><testcase classname="backend.tests.test_reviews_faqs_password" name="test_zzz_admin_password_is_original" time="0.501" /></testsuite></testsuites>