<?xml version="1.0" encoding="utf-8"?><testsuites name="pytest tests"><testsuite name="pytest" errors="0" failures="0" skipped="0" tests="22" time="3.965" timestamp="2026-05-24T11:31:22.585603+00:00" hostname="agent-env-863a1f88-fa4a-466b-81d2-5124ce425723"><testcase classname="backend.tests.test_notify_analytics_bundle.TestNotifyRequests" name="test_create_notify_request_valid" time="0.033" /><testcase classname="backend.tests.test_notify_analytics_bundle.TestNotifyRequests" name="test_create_notify_request_dedupe" time="0.053" /><testcase classname="backend.tests.test_notify_analytics_bundle.TestNotifyRequests" name="test_create_notify_request_empty_contact" time="0.048" /><testcase classname="backend.tests.test_notify_analytics_bundle.TestNotifyRequests" name="test_admin_list_notify_requests_unauthorized" time="0.047" /><testcase classname="backend.tests.test_notify_analytics_bundle.TestNotifyRequests" name="test_admin_list_notify_requests_authorized_and_sorted" time="0.547" /><testcase classname="backend.tests.test_notify_analytics_bundle.TestNotifyRequests" name="test_admin_delete_notify_request_nonexistent" time="0.053" /><testcase classname="backend.tests.test_notify_analytics_bundle.TestNotifyRequests" name="test_admin_delete_notify_request_success_and_audit" time="0.183" /><testcase classname="backend.tests.test_notify_analytics_bundle.TestNotifyRequests" name="test_cleanup_remaining_test_notify_requests" time="0.113" /><testcase classname="backend.tests.test_notify_analytics_bundle.TestCartEvents" name="test_cart_add_event_public" time="0.050" /><testcase classname="backend.tests.test_notify_analytics_bundle.TestCartEvents" name="test_cart_event_persisted_in_analytics" time="0.172" /><testcase classname="backend.tests.test_notify_analytics_bundle.TestAdminAnalytics" name="test_analytics_unauthorized" time="0.048" /><testcase classname="backend.tests.test_notify_analytics_bundle.TestAdminAnalytics" name="test_analytics_7_days_structure" time="0.081" /><testcase classname="backend.tests.test_notify_analytics_bundle.TestAdminAnalytics" name="test_analytics_30_days_timeline" time="0.070" /><testcase classname="backend.tests.test_notify_analytics_bundle.TestBundleDiscountPct" name="test_subscriptions_include_bundleDiscountPct" time="0.053" /><testcase classname="backend.tests.test_notify_analytics_bundle.TestBundleDiscountPct" name="test_update_subscription_persists_bundleDiscountPct" time="0.215" /><testcase classname="backend.tests.test_notify_analytics_bundle.TestRegression" name="test_public_endpoints[/store]" time="0.051" /><testcase classname="backend.tests.test_notify_analytics_bundle.TestRegression" name="test_public_endpoints[/games]" time="0.059" /><testcase classname="backend.tests.test_notify_analytics_bundle.TestRegression" name="test_public_endpoints[/bundles]" time="0.053" /><testcase classname="backend.tests.test_notify_analytics_bundle.TestRegression" name="test_public_endpoints[/reviews]" time="0.052" /><testcase classname="backend.tests.test_notify_analytics_bundle.TestRegression" name="test_public_endpoints[/faqs]" time="0.053" /><testcase classname="backend.tests.test_notify_analytics_bundle.TestRegression" name="test_admin_change_password_endpoint_validates" time="0.514" /><testcase classname="backend.tests.test_notify_analytics_bundle.TestRegression" name="test_admin_password_unchanged_at_end" time="0.508" /></testsuite></testsuites>