<?xml version="1.0" encoding="utf-8"?><testsuites name="pytest tests"><testsuite name="pytest" errors="0" failures="0" skipped="0" tests="21" time="0.952" timestamp="2026-05-24T12:01:48.358949+00:00" hostname="agent-env-863a1f88-fa4a-466b-81d2-5124ce425723"><testcase classname="tests.test_content_cms.TestGetContent" name="test_get_returns_200" time="0.335" /><testcase classname="tests.test_content_cms.TestGetContent" name="test_get_contains_all_11_sections" time="0.015" /><testcase classname="tests.test_content_cms.TestGetContent" name="test_get_omits_mongo_id_and_id" time="0.010" /><testcase classname="tests.test_content_cms.TestGetContent" name="test_hero_has_expected_keys" time="0.009" /><testcase classname="tests.test_content_cms.TestGetContent" name="test_comparison_rows_is_list_of_dicts" time="0.008" /><testcase classname="tests.test_content_cms.TestGetContent" name="test_essential_featurebullets_is_list_of_strings" time="0.012" /><testcase classname="tests.test_content_cms.TestUpdateContent" name="test_put_without_token_returns_401" time="0.012" /><testcase classname="tests.test_content_cms.TestUpdateContent" name="test_put_with_invalid_token_returns_401" time="0.007" /><testcase classname="tests.test_content_cms.TestUpdateContent" name="test_put_empty_payload_returns_400" time="0.008" /><testcase classname="tests.test_content_cms.TestUpdateContent" name="test_put_only_unknown_keys_returns_400" time="0.008" /><testcase classname="tests.test_content_cms.TestUpdateContent" name="test_partial_update_only_touches_provided_section" time="0.026" /><testcase classname="tests.test_content_cms.TestUpdateContent" name="test_unknown_top_level_keys_are_ignored_when_mixed_with_valid" time="0.027" /><testcase classname="tests.test_content_cms.TestUpdateContent" name="test_comparison_rows_round_trip" time="0.030" /><testcase classname="tests.test_content_cms.TestUpdateContent" name="test_essential_feature_bullets_round_trip" time="0.030" /><testcase classname="tests.test_content_cms.TestUpdateContent" name="test_response_omits_mongo_id_and_id" time="0.016" /><testcase classname="tests.test_content_cms.TestAuditLog" name="test_update_creates_audit_entry" time="0.036" /><testcase classname="tests.test_content_cms.TestRegression" name="test_reviews_endpoint" time="0.010" /><testcase classname="tests.test_content_cms.TestRegression" name="test_faqs_endpoint" time="0.012" /><testcase classname="tests.test_content_cms.TestRegression" name="test_store_endpoint" time="0.010" /><testcase classname="tests.test_content_cms.TestRegression" name="test_subscriptions_have_bundle_discount" time="0.010" /><testcase classname="tests.test_content_cms.TestRegression" name="test_admin_analytics" time="0.046" /></testsuite></testsuites>