<?xml version="1.0" encoding="utf-8"?><testsuites name="pytest tests"><testsuite name="pytest" errors="0" failures="0" skipped="0" tests="39" time="9.129" timestamp="2026-05-23T15:04:37.507771+00:00" hostname="agent-env-b49c1084-b805-4d69-abca-991a6896fcd6"><testcase classname="tests.backend_test.TestAuth" name="test_login_success" time="0.806" /><testcase classname="tests.backend_test.TestAuth" name="test_login_wrong_password" time="0.449" /><testcase classname="tests.backend_test.TestAuth" name="test_login_unknown_user" time="0.058" /><testcase classname="tests.backend_test.TestAuth" name="test_me_with_token" time="0.527" /><testcase classname="tests.backend_test.TestAuth" name="test_me_without_token" time="0.218" /><testcase classname="tests.backend_test.TestAuth" name="test_me_with_bad_token" time="0.200" /><testcase classname="tests.backend_test.TestPublic" name="test_get_store" time="0.062" /><testcase classname="tests.backend_test.TestPublic" name="test_get_subscriptions" time="0.063" /><testcase classname="tests.backend_test.TestPublic" name="test_get_games" time="0.060" /><testcase classname="tests.backend_test.TestPublic" name="test_get_bundles" time="0.052" /><testcase classname="tests.backend_test.TestAdminAuthGuard" name="test_put_store_unauthenticated" time="0.200" /><testcase classname="tests.backend_test.TestAdminAuthGuard" name="test_create_game_unauthenticated" time="0.197" /><testcase classname="tests.backend_test.TestAdminAuthGuard" name="test_delete_bundle_unauthenticated" time="0.170" /><testcase classname="tests.backend_test.TestAdminStore" name="test_update_store_and_verify" time="0.235" /><testcase classname="tests.backend_test.TestAdminGamesCRUD" name="test_full_crud" time="0.419" /><testcase classname="tests.backend_test.TestAdminSubscriptions" name="test_update_subscription_pricing" time="0.235" /><testcase classname="tests.backend_test.TestAdminSubscriptions" name="test_update_nonexistent_subscription" time="0.067" /><testcase classname="tests.backend_test.TestAdminBundlesCRUD" name="test_full_crud" time="0.363" /><testcase classname="tests.backend_test.TestSections" name="test_get_sections_default_or_persisted" time="0.061" /><testcase classname="tests.backend_test.TestSections" name="test_update_sections_unauthenticated" time="0.180" /><testcase classname="tests.backend_test.TestSections" name="test_reorder_and_toggle_visibility_persists" time="0.177" /><testcase classname="tests.backend_test.TestSections" name="test_sections_reset_to_default" time="0.055" /><testcase classname="tests.backend_test.TestPromo" name="test_get_promo_returns_shape" time="0.053" /><testcase classname="tests.backend_test.TestPromo" name="test_put_promo_unauthenticated" time="0.182" /><testcase classname="tests.backend_test.TestPromo" name="test_put_promo_persists_and_reset" time="0.248" /><testcase classname="tests.backend_test.TestSocialProof" name="test_get_social_proof" time="0.058" /><testcase classname="tests.backend_test.TestSocialProof" name="test_put_social_proof_persists_and_reset" time="0.185" /><testcase classname="tests.backend_test.TestSocialProof" name="test_put_social_proof_min_interval" time="0.199" /><testcase classname="tests.backend_test.TestWATemplates" name="test_get_returns_four_keys" time="0.057" /><testcase classname="tests.backend_test.TestWATemplates" name="test_put_unauthenticated" time="0.238" /><testcase classname="tests.backend_test.TestWATemplates" name="test_put_and_reset" time="0.238" /><testcase classname="tests.backend_test.TestSubscribers" name="test_signup_returns_code_and_idempotent" time="0.237" /><testcase classname="tests.backend_test.TestSubscribers" name="test_subscribers_list_unauthenticated" time="0.192" /><testcase classname="tests.backend_test.TestSubscribers" name="test_delete_unknown_returns_404" time="0.057" /><testcase classname="tests.backend_test.TestAudit" name="test_audit_requires_admin" time="0.204" /><testcase classname="tests.backend_test.TestAudit" name="test_audit_records_admin_write" time="0.265" /><testcase classname="tests.backend_test.TestUpload" name="test_upload_unauthenticated" time="0.242" /><testcase classname="tests.backend_test.TestUpload" name="test_upload_png_success_and_served" time="0.617" /><testcase classname="tests.backend_test.TestUpload" name="test_upload_rejects_non_image" time="0.191" /></testsuite></testsuites>