<?xml version="1.0" encoding="utf-8"?><testsuites name="pytest tests"><testsuite name="pytest" errors="0" failures="0" skipped="0" tests="71" time="22.051" timestamp="2026-05-25T10:23:36.620097+00:00" hostname="agent-env-863a1f88-fa4a-466b-81d2-5124ce425723"><testcase classname="tests.test_auth_security" name="test_login_success_returns_token_and_user" time="0.379" /><testcase classname="tests.test_auth_security" name="test_jwt_contains_iat_claim" time="0.330" /><testcase classname="tests.test_auth_security" name="test_wrong_password_returns_401" time="0.348" /><testcase classname="tests.test_auth_security" name="test_success_resets_failed_counter" time="3.176" /><testcase classname="tests.test_auth_security" name="test_change_password_invalidates_old_tokens_and_returns_new_valid_token" time="3.475" /><testcase classname="tests.test_auth_security" name="test_z_rate_limit_kicks_in_after_8_failed_attempts" time="2.467" /><testcase classname="tests.test_auth_security" name="test_zz_other_ip_unaffected_by_rate_limit" time="0.295" /><testcase classname="tests.test_auth_security" name="test_zzz_admin_password_is_restored" time="0.330" /><testcase classname="tests.test_content_cms.TestGetContent" name="test_get_returns_200" time="0.344" /><testcase classname="tests.test_content_cms.TestGetContent" name="test_get_contains_all_11_sections" time="0.012" /><testcase classname="tests.test_content_cms.TestGetContent" name="test_get_omits_mongo_id_and_id" time="0.011" /><testcase classname="tests.test_content_cms.TestGetContent" name="test_hero_has_expected_keys" time="0.010" /><testcase classname="tests.test_content_cms.TestGetContent" name="test_comparison_rows_is_list_of_dicts" time="0.012" /><testcase classname="tests.test_content_cms.TestGetContent" name="test_essential_featurebullets_is_list_of_strings" time="0.013" /><testcase classname="tests.test_content_cms.TestUpdateContent" name="test_put_without_token_returns_401" time="0.007" /><testcase classname="tests.test_content_cms.TestUpdateContent" name="test_put_with_invalid_token_returns_401" time="0.007" /><testcase classname="tests.test_content_cms.TestUpdateContent" name="test_put_empty_payload_returns_400" time="0.013" /><testcase classname="tests.test_content_cms.TestUpdateContent" name="test_put_only_unknown_keys_returns_400" time="0.009" /><testcase classname="tests.test_content_cms.TestUpdateContent" name="test_partial_update_only_touches_provided_section" time="0.029" /><testcase classname="tests.test_content_cms.TestUpdateContent" name="test_unknown_top_level_keys_are_ignored_when_mixed_with_valid" time="0.032" /><testcase classname="tests.test_content_cms.TestUpdateContent" name="test_comparison_rows_round_trip" time="0.030" /><testcase classname="tests.test_content_cms.TestUpdateContent" name="test_essential_feature_bullets_round_trip" time="0.043" /><testcase classname="tests.test_content_cms.TestUpdateContent" name="test_response_omits_mongo_id_and_id" time="0.024" /><testcase classname="tests.test_content_cms.TestAuditLog" name="test_update_creates_audit_entry" time="0.036" /><testcase classname="tests.test_content_cms.TestRegression" name="test_reviews_endpoint" time="0.010" /><testcase classname="tests.test_content_cms.TestRegression" name="test_faqs_endpoint" time="0.010" /><testcase classname="tests.test_content_cms.TestRegression" name="test_store_endpoint" time="0.008" /><testcase classname="tests.test_content_cms.TestRegression" name="test_subscriptions_have_bundle_discount" time="0.008" /><testcase classname="tests.test_content_cms.TestRegression" name="test_admin_analytics" time="0.043" /><testcase classname="tests.test_notify_analytics_bundle.TestNotifyRequests" name="test_create_notify_request_valid" time="0.009" /><testcase classname="tests.test_notify_analytics_bundle.TestNotifyRequests" name="test_create_notify_request_dedupe" time="0.046" /><testcase classname="tests.test_notify_analytics_bundle.TestNotifyRequests" name="test_create_notify_request_empty_contact" time="0.047" /><testcase classname="tests.test_notify_analytics_bundle.TestNotifyRequests" name="test_admin_list_notify_requests_unauthorized" time="0.046" /><testcase classname="tests.test_notify_analytics_bundle.TestNotifyRequests" name="test_admin_list_notify_requests_authorized_and_sorted" time="0.382" /><testcase classname="tests.test_notify_analytics_bundle.TestNotifyRequests" name="test_admin_delete_notify_request_nonexistent" time="0.055" /><testcase classname="tests.test_notify_analytics_bundle.TestNotifyRequests" name="test_admin_delete_notify_request_success_and_audit" time="0.175" /><testcase classname="tests.test_notify_analytics_bundle.TestNotifyRequests" name="test_cleanup_remaining_test_notify_requests" time="0.101" /><testcase classname="tests.test_notify_analytics_bundle.TestCartEvents" name="test_cart_add_event_public" time="0.048" /><testcase classname="tests.test_notify_analytics_bundle.TestCartEvents" name="test_cart_event_persisted_in_analytics" time="0.170" /><testcase classname="tests.test_notify_analytics_bundle.TestAdminAnalytics" name="test_analytics_unauthorized" time="0.047" /><testcase classname="tests.test_notify_analytics_bundle.TestAdminAnalytics" name="test_analytics_7_days_structure" time="0.075" /><testcase classname="tests.test_notify_analytics_bundle.TestAdminAnalytics" name="test_analytics_30_days_timeline" time="0.067" /><testcase classname="tests.test_notify_analytics_bundle.TestBundleDiscountPct" name="test_subscriptions_include_bundleDiscountPct" time="0.048" /><testcase classname="tests.test_notify_analytics_bundle.TestBundleDiscountPct" name="test_update_subscription_persists_bundleDiscountPct" time="0.208" /><testcase classname="tests.test_notify_analytics_bundle.TestRegression" name="test_public_endpoints[/store]" time="0.054" /><testcase classname="tests.test_notify_analytics_bundle.TestRegression" name="test_public_endpoints[/games]" time="0.054" /><testcase classname="tests.test_notify_analytics_bundle.TestRegression" name="test_public_endpoints[/bundles]" time="0.049" /><testcase classname="tests.test_notify_analytics_bundle.TestRegression" name="test_public_endpoints[/reviews]" time="0.053" /><testcase classname="tests.test_notify_analytics_bundle.TestRegression" name="test_public_endpoints[/faqs]" time="0.048" /><testcase classname="tests.test_notify_analytics_bundle.TestRegression" name="test_admin_change_password_endpoint_validates" time="0.389" /><testcase classname="tests.test_notify_analytics_bundle.TestRegression" name="test_admin_password_unchanged_at_end" time="0.372" /><testcase classname="tests.test_reviews_faqs_password.TestPublicReviewsFaqs" name="test_get_reviews_sorted_by_order" time="0.009" /><testcase classname="tests.test_reviews_faqs_password.TestPublicReviewsFaqs" name="test_get_faqs_sorted_by_order" time="0.048" /><testcase classname="tests.test_reviews_faqs_password.TestAdminAuthGuard" name="test_create_review_unauth" time="0.006" /><testcase classname="tests.test_reviews_faqs_password.TestAdminAuthGuard" name="test_update_review_unauth" time="0.005" /><testcase classname="tests.test_reviews_faqs_password.TestAdminAuthGuard" name="test_delete_review_unauth" time="0.005" /><testcase classname="tests.test_reviews_faqs_password.TestAdminAuthGuard" name="test_create_faq_unauth" time="0.004" /><testcase classname="tests.test_reviews_faqs_password.TestAdminAuthGuard" name="test_update_faq_unauth" time="0.006" /><testcase classname="tests.test_reviews_faqs_password.TestAdminAuthGuard" name="test_delete_faq_unauth" time="0.005" /><testcase classname="tests.test_reviews_faqs_password.TestAdminAuthGuard" name="test_change_password_unauth" time="0.005" /><testcase classname="tests.test_reviews_faqs_password.TestReviewsCRUD" name="test_full_crud_review" time="0.774" /><testcase classname="tests.test_reviews_faqs_password.TestFaqsCRUD" name="test_full_crud_faq" time="0.832" /><testcase classname="tests.test_reviews_faqs_password.TestChangePassword" name="test_wrong_current_password" time="1.039" /><testcase classname="tests.test_reviews_faqs_password.TestChangePassword" name="test_new_password_too_short" time="0.450" /><testcase classname="tests.test_reviews_faqs_password.TestChangePassword" name="test_happy_path_change_and_restore" time="2.763" /><testcase classname="tests.test_reviews_faqs_password.TestRegression" name="test_store_ok" time="0.049" /><testcase classname="tests.test_reviews_faqs_password.TestRegression" name="test_subscriptions_ok" time="0.052" /><testcase classname="tests.test_reviews_faqs_password.TestRegression" name="test_games_ok" time="0.050" /><testcase classname="tests.test_reviews_faqs_password.TestRegression" name="test_bundles_ok" time="0.046" /><testcase classname="tests.test_reviews_faqs_password.TestAuditLog" name="test_audit_records_reviews_faqs_and_password" time="0.715" /><testcase classname="tests.test_reviews_faqs_password" name="test_zzz_admin_password_is_original" time="0.324" /></testsuite></testsuites>