<?xml version="1.0" encoding="utf-8"?><testsuites name="pytest tests"><testsuite name="pytest" errors="0" failures="1" skipped="0" tests="63" time="8.074" timestamp="2026-05-24T14:19:34.016327+00:00" hostname="agent-env-863a1f88-fa4a-466b-81d2-5124ce425723"><testcase classname="backend.tests.test_content_cms.TestGetContent" name="test_get_returns_200" time="0.309" /><testcase classname="backend.tests.test_content_cms.TestGetContent" name="test_get_contains_all_11_sections" time="0.010" /><testcase classname="backend.tests.test_content_cms.TestGetContent" name="test_get_omits_mongo_id_and_id" time="0.007" /><testcase classname="backend.tests.test_content_cms.TestGetContent" name="test_hero_has_expected_keys" time="0.007" /><testcase classname="backend.tests.test_content_cms.TestGetContent" name="test_comparison_rows_is_list_of_dicts" time="0.008" /><testcase classname="backend.tests.test_content_cms.TestGetContent" name="test_essential_featurebullets_is_list_of_strings" time="0.009" /><testcase classname="backend.tests.test_content_cms.TestUpdateContent" name="test_put_without_token_returns_401" time="0.005" /><testcase classname="backend.tests.test_content_cms.TestUpdateContent" name="test_put_with_invalid_token_returns_401" time="0.005" /><testcase classname="backend.tests.test_content_cms.TestUpdateContent" name="test_put_empty_payload_returns_400" time="0.008" /><testcase classname="backend.tests.test_content_cms.TestUpdateContent" name="test_put_only_unknown_keys_returns_400" time="0.007" /><testcase classname="backend.tests.test_content_cms.TestUpdateContent" name="test_partial_update_only_touches_provided_section" time="0.034" /><testcase classname="backend.tests.test_content_cms.TestUpdateContent" name="test_unknown_top_level_keys_are_ignored_when_mixed_with_valid" time="0.017" /><testcase classname="backend.tests.test_content_cms.TestUpdateContent" name="test_comparison_rows_round_trip" time="0.018" /><testcase classname="backend.tests.test_content_cms.TestUpdateContent" name="test_essential_feature_bullets_round_trip" time="0.017" /><testcase classname="backend.tests.test_content_cms.TestUpdateContent" name="test_response_omits_mongo_id_and_id" time="0.011" /><testcase classname="backend.tests.test_content_cms.TestAuditLog" name="test_update_creates_audit_entry" time="0.035" /><testcase classname="backend.tests.test_content_cms.TestRegression" name="test_reviews_endpoint" time="0.006" /><testcase classname="backend.tests.test_content_cms.TestRegression" name="test_faqs_endpoint" time="0.007" /><testcase classname="backend.tests.test_content_cms.TestRegression" name="test_store_endpoint" time="0.006" /><testcase classname="backend.tests.test_content_cms.TestRegression" name="test_subscriptions_have_bundle_discount" time="0.007" /><testcase classname="backend.tests.test_content_cms.TestRegression" name="test_admin_analytics" time="0.033" /><testcase classname="backend.tests.test_notify_analytics_bundle.TestNotifyRequests" name="test_create_notify_request_valid" time="0.011" /><testcase classname="backend.tests.test_notify_analytics_bundle.TestNotifyRequests" name="test_create_notify_request_dedupe" time="0.045" /><testcase classname="backend.tests.test_notify_analytics_bundle.TestNotifyRequests" name="test_create_notify_request_empty_contact" time="0.044" /><testcase classname="backend.tests.test_notify_analytics_bundle.TestNotifyRequests" name="test_admin_list_notify_requests_unauthorized" time="0.053" /><testcase classname="backend.tests.test_notify_analytics_bundle.TestNotifyRequests" name="test_admin_list_notify_requests_authorized_and_sorted" time="0.341" /><testcase classname="backend.tests.test_notify_analytics_bundle.TestNotifyRequests" name="test_admin_delete_notify_request_nonexistent" time="0.060" /><testcase classname="backend.tests.test_notify_analytics_bundle.TestNotifyRequests" name="test_admin_delete_notify_request_success_and_audit" time="0.162" /><testcase classname="backend.tests.test_notify_analytics_bundle.TestNotifyRequests" name="test_cleanup_remaining_test_notify_requests" time="0.099" /><testcase classname="backend.tests.test_notify_analytics_bundle.TestCartEvents" name="test_cart_add_event_public" time="0.048" /><testcase classname="backend.tests.test_notify_analytics_bundle.TestCartEvents" name="test_cart_event_persisted_in_analytics" time="0.153" /><testcase classname="backend.tests.test_notify_analytics_bundle.TestAdminAnalytics" name="test_analytics_unauthorized" time="0.044" /><testcase classname="backend.tests.test_notify_analytics_bundle.TestAdminAnalytics" name="test_analytics_7_days_structure" time="0.056" /><testcase classname="backend.tests.test_notify_analytics_bundle.TestAdminAnalytics" name="test_analytics_30_days_timeline" time="0.063" /><testcase classname="backend.tests.test_notify_analytics_bundle.TestBundleDiscountPct" name="test_subscriptions_include_bundleDiscountPct" time="0.046" /><testcase classname="backend.tests.test_notify_analytics_bundle.TestBundleDiscountPct" name="test_update_subscription_persists_bundleDiscountPct" time="0.199" /><testcase classname="backend.tests.test_notify_analytics_bundle.TestRegression" name="test_public_endpoints[/store]" time="0.047" /><testcase classname="backend.tests.test_notify_analytics_bundle.TestRegression" name="test_public_endpoints[/games]" time="0.049" /><testcase classname="backend.tests.test_notify_analytics_bundle.TestRegression" name="test_public_endpoints[/bundles]" time="0.047" /><testcase classname="backend.tests.test_notify_analytics_bundle.TestRegression" name="test_public_endpoints[/reviews]" time="0.046" /><testcase classname="backend.tests.test_notify_analytics_bundle.TestRegression" name="test_public_endpoints[/faqs]" time="0.047" /><testcase classname="backend.tests.test_notify_analytics_bundle.TestRegression" name="test_admin_change_password_endpoint_validates" time="0.329" /><testcase classname="backend.tests.test_notify_analytics_bundle.TestRegression" name="test_admin_password_unchanged_at_end" time="0.328" /><testcase classname="backend.tests.test_reviews_faqs_password.TestPublicReviewsFaqs" name="test_get_reviews_sorted_by_order" time="0.007" /><testcase classname="backend.tests.test_reviews_faqs_password.TestPublicReviewsFaqs" name="test_get_faqs_sorted_by_order" time="0.046" /><testcase classname="backend.tests.test_reviews_faqs_password.TestAdminAuthGuard" name="test_create_review_unauth" time="0.005" /><testcase classname="backend.tests.test_reviews_faqs_password.TestAdminAuthGuard" name="test_update_review_unauth" time="0.005" /><testcase classname="backend.tests.test_reviews_faqs_password.TestAdminAuthGuard" name="test_delete_review_unauth" time="0.004" /><testcase classname="backend.tests.test_reviews_faqs_password.TestAdminAuthGuard" name="test_create_faq_unauth" time="0.004" /><testcase classname="backend.tests.test_reviews_faqs_password.TestAdminAuthGuard" name="test_update_faq_unauth" time="0.004" /><testcase classname="backend.tests.test_reviews_faqs_password.TestAdminAuthGuard" name="test_delete_faq_unauth" time="0.005" /><testcase classname="backend.tests.test_reviews_faqs_password.TestAdminAuthGuard" name="test_change_password_unauth" time="0.005" /><testcase classname="backend.tests.test_reviews_faqs_password.TestReviewsCRUD" name="test_full_crud_review" time="0.733" /><testcase classname="backend.tests.test_reviews_faqs_password.TestFaqsCRUD" name="test_full_crud_faq" time="0.448" /><testcase classname="backend.tests.test_reviews_faqs_password.TestChangePassword" name="test_wrong_current_password" time="0.339" /><testcase classname="backend.tests.test_reviews_faqs_password.TestChangePassword" name="test_new_password_too_short" time="0.047" /><testcase classname="backend.tests.test_reviews_faqs_password.TestChangePassword" name="test_happy_path_change_and_restore" time="2.313" /><testcase classname="backend.tests.test_reviews_faqs_password.TestRegression" name="test_store_ok" time="0.050" /><testcase classname="backend.tests.test_reviews_faqs_password.TestRegression" name="test_subscriptions_ok" time="0.049" /><testcase classname="backend.tests.test_reviews_faqs_password.TestRegression" name="test_games_ok" time="0.051" /><testcase classname="backend.tests.test_reviews_faqs_password.TestRegression" name="test_bundles_ok" time="0.048" /><testcase classname="backend.tests.test_reviews_faqs_password.TestAuditLog" name="test_audit_records_reviews_faqs_and_password" time="0.289"><failure message="assert 401 == 200&#10; +  where 401 = &lt;Response [401]&gt;.status_code">backend/tests/test_reviews_faqs_password.py:319: in test_audit_records_reviews_faqs_and_password
    assert r.status_code == 200
E   assert 401 == 200
E    +  where 401 = &lt;Response [401]&gt;.status_code</failure></testcase><testcase classname="backend.tests.test_reviews_faqs_password" name="test_zzz_admin_password_is_original" time="0.305" /></testsuite></testsuites>